{"C:\\Users\\LIBRERIA\\Documents\\assuresoft training\\am2\\test\\practice7\\scripts\\calculator.js": {"path":"C:\\Users\\LIBRERIA\\Documents\\assuresoft training\\am2\\test\\practice7\\scripts\\calculator.js","statementMap":{"0":{"start":{"line":2,"column":17},"end":{"line":2,"column":18}},"1":{"start":{"line":3,"column":20},"end":{"line":3,"column":22}},"2":{"start":{"line":4,"column":4},"end":{"line":7,"column":5}},"3":{"start":{"line":5,"column":8},"end":{"line":5,"column":34}},"4":{"start":{"line":6,"column":8},"end":{"line":6,"column":72}},"5":{"start":{"line":8,"column":4},"end":{"line":11,"column":5}},"6":{"start":{"line":9,"column":8},"end":{"line":9,"column":36}},"7":{"start":{"line":10,"column":8},"end":{"line":10,"column":76}},"8":{"start":{"line":12,"column":4},"end":{"line":15,"column":5}},"9":{"start":{"line":13,"column":8},"end":{"line":13,"column":27}},"10":{"start":{"line":14,"column":8},"end":{"line":14,"column":75}},"11":{"start":{"line":16,"column":4},"end":{"line":19,"column":5}},"12":{"start":{"line":17,"column":8},"end":{"line":17,"column":65}},"13":{"start":{"line":18,"column":8},"end":{"line":18,"column":43}},"14":{"start":{"line":20,"column":4},"end":{"line":25,"column":5}},"15":{"start":{"line":21,"column":23},"end":{"line":21,"column":63}},"16":{"start":{"line":22,"column":8},"end":{"line":22,"column":43}},"17":{"start":{"line":23,"column":8},"end":{"line":23,"column":33}},"18":{"start":{"line":24,"column":8},"end":{"line":24,"column":56}},"19":{"start":{"line":26,"column":4},"end":{"line":29,"column":5}},"20":{"start":{"line":32,"column":26},"end":{"line":32,"column":31}},"21":{"start":{"line":33,"column":28},"end":{"line":33,"column":45}},"22":{"start":{"line":34,"column":4},"end":{"line":37,"column":7}},"23":{"start":{"line":35,"column":8},"end":{"line":36,"column":35}},"24":{"start":{"line":36,"column":12},"end":{"line":36,"column":35}},"25":{"start":{"line":38,"column":4},"end":{"line":38,"column":64}},"26":{"start":{"line":42,"column":28},"end":{"line":42,"column":45}},"27":{"start":{"line":43,"column":4},"end":{"line":46,"column":7}},"28":{"start":{"line":44,"column":8},"end":{"line":45,"column":62}},"29":{"start":{"line":45,"column":12},"end":{"line":45,"column":62}},"30":{"start":{"line":47,"column":4},"end":{"line":49,"column":37}},"31":{"start":{"line":50,"column":4},"end":{"line":50,"column":47}},"32":{"start":{"line":51,"column":4},"end":{"line":51,"column":47}},"33":{"start":{"line":52,"column":4},"end":{"line":55,"column":6}}},"fnMap":{"0":{"name":"generalOperations","decl":{"start":{"line":1,"column":9},"end":{"line":1,"column":26}},"loc":{"start":{"line":1,"column":57},"end":{"line":30,"column":1}},"line":1},"1":{"name":"expresionSpecialOperation","decl":{"start":{"line":31,"column":9},"end":{"line":31,"column":34}},"loc":{"start":{"line":31,"column":54},"end":{"line":39,"column":1}},"line":31},"2":{"name":"(anonymous_2)","decl":{"start":{"line":34,"column":28},"end":{"line":34,"column":29}},"loc":{"start":{"line":34,"column":39},"end":{"line":37,"column":5}},"line":34},"3":{"name":"resultBasicOperation","decl":{"start":{"line":40,"column":9},"end":{"line":40,"column":29}},"loc":{"start":{"line":40,"column":51},"end":{"line":56,"column":1}},"line":40},"4":{"name":"(anonymous_4)","decl":{"start":{"line":43,"column":28},"end":{"line":43,"column":29}},"loc":{"start":{"line":43,"column":39},"end":{"line":46,"column":5}},"line":43}},"branchMap":{"0":{"loc":{"start":{"line":4,"column":4},"end":{"line":7,"column":5}},"type":"if","locations":[{"start":{"line":4,"column":4},"end":{"line":7,"column":5}},{"start":{},"end":{}}],"line":4},"1":{"loc":{"start":{"line":8,"column":4},"end":{"line":11,"column":5}},"type":"if","locations":[{"start":{"line":8,"column":4},"end":{"line":11,"column":5}},{"start":{},"end":{}}],"line":8},"2":{"loc":{"start":{"line":12,"column":4},"end":{"line":15,"column":5}},"type":"if","locations":[{"start":{"line":12,"column":4},"end":{"line":15,"column":5}},{"start":{},"end":{}}],"line":12},"3":{"loc":{"start":{"line":16,"column":4},"end":{"line":19,"column":5}},"type":"if","locations":[{"start":{"line":16,"column":4},"end":{"line":19,"column":5}},{"start":{},"end":{}}],"line":16},"4":{"loc":{"start":{"line":16,"column":7},"end":{"line":16,"column":83}},"type":"binary-expr","locations":[{"start":{"line":16,"column":7},"end":{"line":16,"column":23}},{"start":{"line":16,"column":27},"end":{"line":16,"column":43}},{"start":{"line":16,"column":47},"end":{"line":16,"column":63}},{"start":{"line":16,"column":67},"end":{"line":16,"column":83}}],"line":16},"5":{"loc":{"start":{"line":20,"column":4},"end":{"line":25,"column":5}},"type":"if","locations":[{"start":{"line":20,"column":4},"end":{"line":25,"column":5}},{"start":{},"end":{}}],"line":20},"6":{"loc":{"start":{"line":35,"column":8},"end":{"line":36,"column":35}},"type":"if","locations":[{"start":{"line":35,"column":8},"end":{"line":36,"column":35}},{"start":{},"end":{}}],"line":35},"7":{"loc":{"start":{"line":35,"column":11},"end":{"line":35,"column":75}},"type":"binary-expr","locations":[{"start":{"line":35,"column":11},"end":{"line":35,"column":45}},{"start":{"line":35,"column":49},"end":{"line":35,"column":75}}],"line":35},"8":{"loc":{"start":{"line":38,"column":11},"end":{"line":38,"column":63}},"type":"cond-expr","locations":[{"start":{"line":38,"column":28},"end":{"line":38,"column":52}},{"start":{"line":38,"column":53},"end":{"line":38,"column":63}}],"line":38},"9":{"loc":{"start":{"line":44,"column":8},"end":{"line":45,"column":62}},"type":"if","locations":[{"start":{"line":44,"column":8},"end":{"line":45,"column":62}},{"start":{},"end":{}}],"line":44},"10":{"loc":{"start":{"line":44,"column":11},"end":{"line":44,"column":79}},"type":"binary-expr","locations":[{"start":{"line":44,"column":11},"end":{"line":44,"column":49}},{"start":{"line":44,"column":53},"end":{"line":44,"column":79}}],"line":44},"11":{"loc":{"start":{"line":47,"column":18},"end":{"line":49,"column":36}},"type":"cond-expr","locations":[{"start":{"line":48,"column":18},"end":{"line":48,"column":57}},{"start":{"line":49,"column":18},"end":{"line":49,"column":36}}],"line":47}},"s":{"0":22,"1":22,"2":22,"3":2,"4":2,"5":22,"6":2,"7":2,"8":22,"9":3,"10":3,"11":22,"12":8,"13":8,"14":22,"15":6,"16":6,"17":6,"18":6,"19":22,"20":7,"21":7,"22":7,"23":28,"24":1,"25":7,"26":14,"27":14,"28":56,"29":8,"30":14,"31":14,"32":14,"33":14},"f":{"0":22,"1":7,"2":28,"3":14,"4":56},"b":{"0":[2,20],"1":[2,20],"2":[3,19],"3":[8,14],"4":[22,21,17,16],"5":[6,16],"6":[1,27],"7":[28,1],"8":[1,6],"9":[8,48],"10":[56,8],"11":[14,0]},"inputSourceMap":null,"_coverageSchema":"1a1c01bbd47fc00a2c39e90264f33305004495a9","hash":"6013fbafa815052d15c709471fb8a1b932f0d352"}
,"C:\\Users\\LIBRERIA\\Documents\\assuresoft training\\am2\\test\\practice7\\scripts\\main.js": {"path":"C:\\Users\\LIBRERIA\\Documents\\assuresoft training\\am2\\test\\practice7\\scripts\\main.js","statementMap":{"0":{"start":{"line":2,"column":15},"end":{"line":2,"column":61}},"1":{"start":{"line":3,"column":18},"end":{"line":3,"column":54}},"2":{"start":{"line":4,"column":0},"end":{"line":4,"column":57}},"3":{"start":{"line":6,"column":23},"end":{"line":6,"column":32}},"4":{"start":{"line":7,"column":4},"end":{"line":8,"column":26}},"5":{"start":{"line":8,"column":8},"end":{"line":8,"column":26}},"6":{"start":{"line":9,"column":4},"end":{"line":10,"column":26}},"7":{"start":{"line":10,"column":8},"end":{"line":10,"column":26}},"8":{"start":{"line":11,"column":4},"end":{"line":12,"column":26}},"9":{"start":{"line":12,"column":8},"end":{"line":12,"column":26}},"10":{"start":{"line":13,"column":4},"end":{"line":13,"column":26}},"11":{"start":{"line":14,"column":4},"end":{"line":14,"column":24}},"12":{"start":{"line":16,"column":19},"end":{"line":16,"column":77}},"13":{"start":{"line":17,"column":0},"end":{"line":19,"column":2}},"14":{"start":{"line":18,"column":4},"end":{"line":18,"column":53}},"15":{"start":{"line":21,"column":26},"end":{"line":21,"column":55}},"16":{"start":{"line":22,"column":4},"end":{"line":23,"column":32}},"17":{"start":{"line":23,"column":8},"end":{"line":23,"column":32}},"18":{"start":{"line":24,"column":4},"end":{"line":25,"column":31}},"19":{"start":{"line":25,"column":8},"end":{"line":25,"column":31}},"20":{"start":{"line":26,"column":4},"end":{"line":27,"column":36}},"21":{"start":{"line":27,"column":8},"end":{"line":27,"column":36}},"22":{"start":{"line":28,"column":4},"end":{"line":28,"column":29}},"23":{"start":{"line":29,"column":4},"end":{"line":29,"column":27}},"24":{"start":{"line":31,"column":28},"end":{"line":31,"column":68}},"25":{"start":{"line":32,"column":23},"end":{"line":32,"column":58}},"26":{"start":{"line":33,"column":27},"end":{"line":33,"column":66}},"27":{"start":{"line":34,"column":0},"end":{"line":34,"column":62}},"28":{"start":{"line":35,"column":0},"end":{"line":35,"column":52}},"29":{"start":{"line":36,"column":0},"end":{"line":36,"column":59}},"30":{"start":{"line":39,"column":4},"end":{"line":40,"column":30}},"31":{"start":{"line":40,"column":8},"end":{"line":40,"column":30}},"32":{"start":{"line":41,"column":4},"end":{"line":41,"column":24}},"33":{"start":{"line":42,"column":4},"end":{"line":42,"column":16}},"34":{"start":{"line":46,"column":19},"end":{"line":46,"column":21}},"35":{"start":{"line":47,"column":18},"end":{"line":47,"column":48}},"36":{"start":{"line":48,"column":24},"end":{"line":48,"column":48}},"37":{"start":{"line":49,"column":4},"end":{"line":49,"column":46}},"38":{"start":{"line":50,"column":4},"end":{"line":50,"column":64}},"39":{"start":{"line":51,"column":4},"end":{"line":62,"column":5}},"40":{"start":{"line":52,"column":8},"end":{"line":52,"column":36}},"41":{"start":{"line":53,"column":8},"end":{"line":54,"column":45}},"42":{"start":{"line":54,"column":12},"end":{"line":54,"column":45}},"43":{"start":{"line":57,"column":8},"end":{"line":58,"column":46}},"44":{"start":{"line":58,"column":12},"end":{"line":58,"column":46}},"45":{"start":{"line":59,"column":8},"end":{"line":60,"column":46}},"46":{"start":{"line":60,"column":12},"end":{"line":60,"column":46}},"47":{"start":{"line":61,"column":8},"end":{"line":61,"column":28}},"48":{"start":{"line":63,"column":4},"end":{"line":63,"column":15}},"49":{"start":{"line":66,"column":4},"end":{"line":66,"column":10}},"50":{"start":{"line":67,"column":4},"end":{"line":67,"column":41}},"51":{"start":{"line":70,"column":4},"end":{"line":70,"column":10}},"52":{"start":{"line":71,"column":4},"end":{"line":72,"column":26}},"53":{"start":{"line":72,"column":8},"end":{"line":72,"column":26}},"54":{"start":{"line":73,"column":4},"end":{"line":73,"column":41}},"55":{"start":{"line":76,"column":4},"end":{"line":81,"column":5}},"56":{"start":{"line":77,"column":8},"end":{"line":80,"column":52}},"57":{"start":{"line":78,"column":12},"end":{"line":78,"column":63}},"58":{"start":{"line":80,"column":12},"end":{"line":80,"column":52}},"59":{"start":{"line":82,"column":4},"end":{"line":82,"column":15}},"60":{"start":{"line":84,"column":0},"end":{"line":84,"column":6}}},"fnMap":{"0":{"name":"keyboardDisplay","decl":{"start":{"line":5,"column":16},"end":{"line":5,"column":31}},"loc":{"start":{"line":5,"column":39},"end":{"line":15,"column":1}},"line":5},"1":{"name":"(anonymous_1)","decl":{"start":{"line":17,"column":20},"end":{"line":17,"column":21}},"loc":{"start":{"line":17,"column":31},"end":{"line":19,"column":1}},"line":17},"2":{"name":"buttonDisplay","decl":{"start":{"line":20,"column":16},"end":{"line":20,"column":29}},"loc":{"start":{"line":20,"column":37},"end":{"line":30,"column":1}},"line":20},"3":{"name":"init","decl":{"start":{"line":38,"column":16},"end":{"line":38,"column":20}},"loc":{"start":{"line":38,"column":22},"end":{"line":43,"column":1}},"line":38},"4":{"name":"display","decl":{"start":{"line":45,"column":9},"end":{"line":45,"column":16}},"loc":{"start":{"line":45,"column":28},"end":{"line":64,"column":1}},"line":45},"5":{"name":"eraseLastDate","decl":{"start":{"line":65,"column":16},"end":{"line":65,"column":29}},"loc":{"start":{"line":65,"column":37},"end":{"line":68,"column":1}},"line":65},"6":{"name":"eraseAll","decl":{"start":{"line":69,"column":16},"end":{"line":69,"column":24}},"loc":{"start":{"line":69,"column":32},"end":{"line":74,"column":1}},"line":69},"7":{"name":"changeSymbol","decl":{"start":{"line":75,"column":16},"end":{"line":75,"column":28}},"loc":{"start":{"line":75,"column":31},"end":{"line":83,"column":1}},"line":75}},"branchMap":{"0":{"loc":{"start":{"line":7,"column":4},"end":{"line":8,"column":26}},"type":"if","locations":[{"start":{"line":7,"column":4},"end":{"line":8,"column":26}},{"start":{},"end":{}}],"line":7},"1":{"loc":{"start":{"line":9,"column":4},"end":{"line":10,"column":26}},"type":"if","locations":[{"start":{"line":9,"column":4},"end":{"line":10,"column":26}},{"start":{},"end":{}}],"line":9},"2":{"loc":{"start":{"line":11,"column":4},"end":{"line":12,"column":26}},"type":"if","locations":[{"start":{"line":11,"column":4},"end":{"line":12,"column":26}},{"start":{},"end":{}}],"line":11},"3":{"loc":{"start":{"line":22,"column":4},"end":{"line":23,"column":32}},"type":"if","locations":[{"start":{"line":22,"column":4},"end":{"line":23,"column":32}},{"start":{},"end":{}}],"line":22},"4":{"loc":{"start":{"line":24,"column":4},"end":{"line":25,"column":31}},"type":"if","locations":[{"start":{"line":24,"column":4},"end":{"line":25,"column":31}},{"start":{},"end":{}}],"line":24},"5":{"loc":{"start":{"line":26,"column":4},"end":{"line":27,"column":36}},"type":"if","locations":[{"start":{"line":26,"column":4},"end":{"line":27,"column":36}},{"start":{},"end":{}}],"line":26},"6":{"loc":{"start":{"line":39,"column":4},"end":{"line":40,"column":30}},"type":"if","locations":[{"start":{"line":39,"column":4},"end":{"line":40,"column":30}},{"start":{},"end":{}}],"line":39},"7":{"loc":{"start":{"line":47,"column":18},"end":{"line":47,"column":48}},"type":"cond-expr","locations":[{"start":{"line":47,"column":29},"end":{"line":47,"column":44}},{"start":{"line":47,"column":46},"end":{"line":47,"column":48}}],"line":47},"8":{"loc":{"start":{"line":48,"column":24},"end":{"line":48,"column":48}},"type":"cond-expr","locations":[{"start":{"line":48,"column":32},"end":{"line":48,"column":44}},{"start":{"line":48,"column":46},"end":{"line":48,"column":48}}],"line":48},"9":{"loc":{"start":{"line":51,"column":4},"end":{"line":62,"column":5}},"type":"if","locations":[{"start":{"line":51,"column":4},"end":{"line":62,"column":5}},{"start":{"line":56,"column":8},"end":{"line":62,"column":5}}],"line":51},"10":{"loc":{"start":{"line":51,"column":7},"end":{"line":51,"column":44}},"type":"binary-expr","locations":[{"start":{"line":51,"column":7},"end":{"line":51,"column":24}},{"start":{"line":51,"column":28},"end":{"line":51,"column":44}}],"line":51},"11":{"loc":{"start":{"line":53,"column":8},"end":{"line":54,"column":45}},"type":"if","locations":[{"start":{"line":53,"column":8},"end":{"line":54,"column":45}},{"start":{},"end":{}}],"line":53},"12":{"loc":{"start":{"line":57,"column":8},"end":{"line":58,"column":46}},"type":"if","locations":[{"start":{"line":57,"column":8},"end":{"line":58,"column":46}},{"start":{},"end":{}}],"line":57},"13":{"loc":{"start":{"line":59,"column":8},"end":{"line":60,"column":46}},"type":"if","locations":[{"start":{"line":59,"column":8},"end":{"line":60,"column":46}},{"start":{},"end":{}}],"line":59},"14":{"loc":{"start":{"line":71,"column":4},"end":{"line":72,"column":26}},"type":"if","locations":[{"start":{"line":71,"column":4},"end":{"line":72,"column":26}},{"start":{},"end":{}}],"line":71},"15":{"loc":{"start":{"line":76,"column":4},"end":{"line":81,"column":5}},"type":"if","locations":[{"start":{"line":76,"column":4},"end":{"line":81,"column":5}},{"start":{},"end":{}}],"line":76},"16":{"loc":{"start":{"line":77,"column":8},"end":{"line":80,"column":52}},"type":"if","locations":[{"start":{"line":77,"column":8},"end":{"line":80,"column":52}},{"start":{"line":80,"column":12},"end":{"line":80,"column":52}}],"line":77}},"s":{"0":1,"1":1,"2":1,"3":4,"4":4,"5":1,"6":4,"7":1,"8":4,"9":1,"10":4,"11":4,"12":1,"13":1,"14":0,"15":4,"16":4,"17":1,"18":4,"19":1,"20":4,"21":1,"22":4,"23":4,"24":1,"25":1,"26":1,"27":1,"28":1,"29":1,"30":4,"31":0,"32":4,"33":4,"34":8,"35":8,"36":8,"37":8,"38":8,"39":8,"40":1,"41":1,"42":0,"43":7,"44":0,"45":7,"46":0,"47":7,"48":8,"49":1,"50":1,"51":1,"52":1,"53":0,"54":1,"55":1,"56":0,"57":0,"58":0,"59":1,"60":1},"f":{"0":4,"1":0,"2":4,"3":4,"4":8,"5":1,"6":1,"7":1},"b":{"0":[1,3],"1":[1,3],"2":[1,3],"3":[1,3],"4":[1,3],"5":[1,3],"6":[0,4],"7":[0,8],"8":[0,8],"9":[1,7],"10":[8,7],"11":[0,1],"12":[0,7],"13":[0,7],"14":[0,1],"15":[0,1],"16":[0,0]},"inputSourceMap":null,"_coverageSchema":"1a1c01bbd47fc00a2c39e90264f33305004495a9","hash":"fe37f43684e3138353758358f8dc3508085f0844"}
}
