TN:
SF:scripts\calculator.js
FN:1,generalOperations
FN:31,expresionSpecialOperation
FN:34,(anonymous_2)
FN:40,resultBasicOperation
FN:43,(anonymous_4)
FNF:5
FNH:5
FNDA:22,generalOperations
FNDA:7,expresionSpecialOperation
FNDA:28,(anonymous_2)
FNDA:14,resultBasicOperation
FNDA:56,(anonymous_4)
DA:2,22
DA:3,22
DA:4,22
DA:5,2
DA:6,2
DA:8,22
DA:9,2
DA:10,2
DA:12,22
DA:13,3
DA:14,3
DA:16,22
DA:17,8
DA:18,8
DA:20,22
DA:21,6
DA:22,6
DA:23,6
DA:24,6
DA:26,22
DA:32,7
DA:33,7
DA:34,7
DA:35,28
DA:36,1
DA:38,7
DA:42,14
DA:43,14
DA:44,56
DA:45,8
DA:47,14
DA:50,14
DA:51,14
DA:52,14
LF:34
LH:34
BRDA:4,0,0,2
BRDA:4,0,1,20
BRDA:8,1,0,2
BRDA:8,1,1,20
BRDA:12,2,0,3
BRDA:12,2,1,19
BRDA:16,3,0,8
BRDA:16,3,1,14
BRDA:16,4,0,22
BRDA:16,4,1,21
BRDA:16,4,2,17
BRDA:16,4,3,16
BRDA:20,5,0,6
BRDA:20,5,1,16
BRDA:35,6,0,1
BRDA:35,6,1,27
BRDA:35,7,0,28
BRDA:35,7,1,1
BRDA:38,8,0,1
BRDA:38,8,1,6
BRDA:44,9,0,8
BRDA:44,9,1,48
BRDA:44,10,0,56
BRDA:44,10,1,8
BRDA:47,11,0,14
BRDA:47,11,1,0
BRF:26
BRH:25
end_of_record
TN:
SF:scripts\main.js
FN:5,keyboardDisplay
FN:17,(anonymous_1)
FN:20,buttonDisplay
FN:38,init
FN:45,display
FN:65,eraseLastDate
FN:69,eraseAll
FN:75,changeSymbol
FNF:8
FNH:7
FNDA:4,keyboardDisplay
FNDA:0,(anonymous_1)
FNDA:4,buttonDisplay
FNDA:4,init
FNDA:8,display
FNDA:1,eraseLastDate
FNDA:1,eraseAll
FNDA:1,changeSymbol
DA:2,1
DA:3,1
DA:4,1
DA:6,4
DA:7,4
DA:8,1
DA:9,4
DA:10,1
DA:11,4
DA:12,1
DA:13,4
DA:14,4
DA:16,1
DA:17,1
DA:18,0
DA:21,4
DA:22,4
DA:23,1
DA:24,4
DA:25,1
DA:26,4
DA:27,1
DA:28,4
DA:29,4
DA:31,1
DA:32,1
DA:33,1
DA:34,1
DA:35,1
DA:36,1
DA:39,4
DA:40,0
DA:41,4
DA:42,4
DA:46,8
DA:47,8
DA:48,8
DA:49,8
DA:50,8
DA:51,8
DA:52,1
DA:53,1
DA:54,0
DA:57,7
DA:58,0
DA:59,7
DA:60,0
DA:61,7
DA:63,8
DA:66,1
DA:67,1
DA:70,1
DA:71,1
DA:72,0
DA:73,1
DA:76,1
DA:77,0
DA:78,0
DA:80,0
DA:82,1
DA:84,1
LF:61
LH:52
BRDA:7,0,0,1
BRDA:7,0,1,3
BRDA:9,1,0,1
BRDA:9,1,1,3
BRDA:11,2,0,1
BRDA:11,2,1,3
BRDA:22,3,0,1
BRDA:22,3,1,3
BRDA:24,4,0,1
BRDA:24,4,1,3
BRDA:26,5,0,1
BRDA:26,5,1,3
BRDA:39,6,0,0
BRDA:39,6,1,4
BRDA:47,7,0,0
BRDA:47,7,1,8
BRDA:48,8,0,0
BRDA:48,8,1,8
BRDA:51,9,0,1
BRDA:51,9,1,7
BRDA:51,10,0,8
BRDA:51,10,1,7
BRDA:53,11,0,0
BRDA:53,11,1,1
BRDA:57,12,0,0
BRDA:57,12,1,7
BRDA:59,13,0,0
BRDA:59,13,1,7
BRDA:71,14,0,0
BRDA:71,14,1,1
BRDA:76,15,0,0
BRDA:76,15,1,1
BRDA:77,16,0,0
BRDA:77,16,1,0
BRF:34
BRH:24
end_of_record
